<?xml version="1.0" encoding="UTF-8"?>
<!-- Generated by org.testng.reporters.JUnitXMLReporter -->
<testsuite ignored="0" hostname="DESKTOP-L5FPDVB" failures="1" tests="2" name="Test" time="23.403" errors="0" timestamp="2022-11-05T14:01:25 IST">
  <testcase classname="LaunchingBrowser.TestMain" name="main" time="6.447"/>
  <testcase classname="LaunchingBrowser.TestMain" name="main" time="10.299">
    <failure type="java.lang.NullPointerException" message="Cannot invoke &amp;quot;org.openqa.selenium.WebElement.findElement(org.openqa.selenium.By)&amp;quot; because the return value of &amp;quot;PageObjectModel.ProductPage.Addtocart(String)&amp;quot; is null">
      <![CDATA[java.lang.NullPointerException: Cannot invoke "org.openqa.selenium.WebElement.findElement(org.openqa.selenium.By)" because the return value of "PageObjectModel.ProductPage.Addtocart(String)" is null
at PageObjectModel.ProductPage.Click_addtocart(ProductPage.java:41)
at LaunchingBrowser.TestMain.main(TestMain.java:31)
at java.base/java.util.ArrayList.forEach(ArrayList.java:1511)
... Removed 25 stack frames]]>
    </failure>
  </testcase> <!-- main -->
</testsuite> <!-- Test -->
