<?xml version="1.0" encoding="UTF-8"?>
<!-- Generated by org.testng.reporters.JUnitXMLReporter -->
<testsuite ignored="0" hostname="DESKTOP-L5FPDVB" failures="1" tests="2" name="Test" time="21.284" errors="0" timestamp="2022-11-11T16:03:11 IST">
  <testcase classname="LaunchingBrowser.TestMainTest" name="main" time="6.41"/>
  <testcase classname="LaunchingBrowser.TestMainTest" name="main" time="10.276">
    <failure type="java.lang.NullPointerException" message="Cannot invoke &amp;quot;org.openqa.selenium.WebElement.findElement(org.openqa.selenium.By)&amp;quot; because the return value of &amp;quot;PageObjectModel.ProductPage.Addtocart(String)&amp;quot; is null">
      <![CDATA[java.lang.NullPointerException: Cannot invoke "org.openqa.selenium.WebElement.findElement(org.openqa.selenium.By)" because the return value of "PageObjectModel.ProductPage.Addtocart(String)" is null
at PageObjectModel.ProductPage.Click_addtocart(ProductPage.java:41)
at LaunchingBrowser.TestMainTest.main(TestMainTest.java:31)
at java.base/java.util.ArrayList.forEach(ArrayList.java:1511)
... Removed 29 stack frames]]>
    </failure>
  </testcase> <!-- main -->
</testsuite> <!-- Test -->
