<?xml version="1.0" encoding="UTF-8"?>
<testng-results ignored="0" total="2" passed="1" failed="1" skipped="0">
  <reporter-output>
  </reporter-output>
  <suite started-at="2022-11-11T16:02:49 IST" name="Suite" finished-at="2022-11-11T16:03:11 IST" duration-ms="21284">
    <groups>
      <group name="MainTest">
        <method signature="TestMainTest.main(java.lang.String,java.lang.String)[pri:0, instance:LaunchingBrowser.TestMainTest@64cd705f]" name="main" class="LaunchingBrowser.TestMainTest"/>
      </group> <!-- MainTest -->
    </groups>
    <test started-at="2022-11-11T16:02:49 IST" name="Test" finished-at="2022-11-11T16:03:11 IST" duration-ms="21284">
      <class name="LaunchingBrowser.TestMainTest">
        <test-method is-config="true" signature="Start_browser()[pri:0, instance:LaunchingBrowser.TestMainTest@64cd705f]" started-at="2022-11-11T16:02:49 IST" name="Start_browser" finished-at="2022-11-11T16:02:52 IST" duration-ms="2969" status="PASS">
          <reporter-output>
          </reporter-output>
        </test-method> <!-- Start_browser -->
        <test-method signature="main(java.lang.String,java.lang.String)[pri:0, instance:LaunchingBrowser.TestMainTest@64cd705f]" started-at="2022-11-11T16:02:52 IST" name="main" data-provider="get_inputs" finished-at="2022-11-11T16:02:59 IST" duration-ms="6410" status="PASS">
          <params>
            <param index="0">
              <value>
                <![CDATA[abc123@hello.com]]>
              </value>
            </param>
            <param index="1">
              <value>
                <![CDATA[Abc@1234]]>
              </value>
            </param>
          </params>
          <reporter-output>
          </reporter-output>
        </test-method> <!-- main -->
        <test-method is-config="true" signature="Start_browser()[pri:0, instance:LaunchingBrowser.TestMainTest@64cd705f]" started-at="2022-11-11T16:02:59 IST" name="Start_browser" finished-at="2022-11-11T16:03:00 IST" duration-ms="1581" status="PASS">
          <reporter-output>
          </reporter-output>
        </test-method> <!-- Start_browser -->
        <test-method signature="main(java.lang.String,java.lang.String)[pri:0, instance:LaunchingBrowser.TestMainTest@64cd705f]" started-at="2022-11-11T16:03:00 IST" name="main" data-provider="get_inputs" finished-at="2022-11-11T16:03:11 IST" duration-ms="10276" status="FAIL">
          <params>
            <param index="0">
              <value>
                <![CDATA[abc123@hello.com]]>
              </value>
            </param>
            <param index="1">
              <value>
                <![CDATA[Abc@12345]]>
              </value>
            </param>
          </params>
          <exception class="java.lang.NullPointerException">
            <message>
              <![CDATA[Cannot invoke "org.openqa.selenium.WebElement.findElement(org.openqa.selenium.By)" because the return value of "PageObjectModel.ProductPage.Addtocart(String)" is null]]>
            </message>
            <full-stacktrace>
              <![CDATA[java.lang.NullPointerException: Cannot invoke "org.openqa.selenium.WebElement.findElement(org.openqa.selenium.By)" because the return value of "PageObjectModel.ProductPage.Addtocart(String)" is null
at PageObjectModel.ProductPage.Click_addtocart(ProductPage.java:41)
at LaunchingBrowser.TestMainTest.main(TestMainTest.java:31)
at java.base/jdk.internal.reflect.DirectMethodHandleAccessor.invoke(DirectMethodHandleAccessor.java:104)
at java.base/java.lang.reflect.Method.invoke(Method.java:577)
at org.testng.internal.MethodInvocationHelper.invokeMethod(MethodInvocationHelper.java:133)
at org.testng.internal.TestInvoker.invokeMethod(TestInvoker.java:598)
at org.testng.internal.TestInvoker.invokeTestMethod(TestInvoker.java:173)
at org.testng.internal.MethodRunner.runInSequence(MethodRunner.java:46)
at org.testng.internal.TestInvoker$MethodInvocationAgent.invoke(TestInvoker.java:824)
at org.testng.internal.TestInvoker.invokeTestMethods(TestInvoker.java:146)
at org.testng.internal.TestMethodWorker.invokeTestMethods(TestMethodWorker.java:146)
at org.testng.internal.TestMethodWorker.run(TestMethodWorker.java:128)
at java.base/java.util.ArrayList.forEach(ArrayList.java:1511)
at org.testng.TestRunner.privateRun(TestRunner.java:794)
at org.testng.TestRunner.run(TestRunner.java:596)
at org.testng.SuiteRunner.runTest(SuiteRunner.java:377)
at org.testng.SuiteRunner.runSequentially(SuiteRunner.java:371)
at org.testng.SuiteRunner.privateRun(SuiteRunner.java:332)
at org.testng.SuiteRunner.run(SuiteRunner.java:276)
at org.testng.SuiteRunnerWorker.runSuite(SuiteRunnerWorker.java:53)
at org.testng.SuiteRunnerWorker.run(SuiteRunnerWorker.java:96)
at org.testng.TestNG.runSuitesSequentially(TestNG.java:1212)
at org.testng.TestNG.runSuitesLocally(TestNG.java:1134)
at org.testng.TestNG.runSuites(TestNG.java:1063)
at org.testng.TestNG.run(TestNG.java:1031)
at org.apache.maven.surefire.testng.TestNGExecutor.run(TestNGExecutor.java:324)
at org.apache.maven.surefire.testng.TestNGXmlTestSuite.execute(TestNGXmlTestSuite.java:74)
at org.apache.maven.surefire.testng.TestNGProvider.invoke(TestNGProvider.java:123)
at org.apache.maven.surefire.booter.ForkedBooter.runSuitesInProcess(ForkedBooter.java:456)
at org.apache.maven.surefire.booter.ForkedBooter.execute(ForkedBooter.java:169)
at org.apache.maven.surefire.booter.ForkedBooter.run(ForkedBooter.java:595)
at org.apache.maven.surefire.booter.ForkedBooter.main(ForkedBooter.java:581)
]]>
            </full-stacktrace>
          </exception> <!-- java.lang.NullPointerException -->
          <reporter-output>
          </reporter-output>
        </test-method> <!-- main -->
      </class> <!-- LaunchingBrowser.TestMainTest -->
    </test> <!-- Test -->
  </suite> <!-- Suite -->
</testng-results>
